<?xml version="1.0" encoding="UTF-8"?>
<!-- Generated by org.testng.reporters.JUnitReportReporter -->
<testsuite hostname="LAPTOP-LP00NI2V" failures="0" tests="1" name="TestCases.WorkerTest" time="4.543" errors="0" timestamp="2022-07-17T17:57:23 IST" skipped="0">
  <testcase classname="TestCases.WorkerTest" name="Worker1" time="4.543"/>
  <system-out/>
</testsuite> <!-- TestCases.WorkerTest -->
