<?xml version="1.0" encoding="UTF-8"?>
<!-- Generated by org.testng.reporters.JUnitReportReporter -->
<testsuite hostname="LAPTOP-LP00NI2V" failures="0" tests="1" name="TestCases.LoginTest" time="11.424" errors="0" timestamp="2022-07-20T09:25:57 IST" skipped="0">
  <testcase classname="TestCases.LoginTest" name="validLogin" time="11.424"/>
  <system-out/>
</testsuite> <!-- TestCases.LoginTest -->
