<?xml version="1.0" encoding="UTF-8"?>
<!-- Generated by org.testng.reporters.JUnitReportReporter -->
<testsuite hostname="LAPTOP-LP00NI2V" failures="0" tests="3" name="TestCases.InvalidLoginTest" time="17.813" errors="0" timestamp="2022-07-20T01:34:40 IST" skipped="0">
  <testcase classname="TestCases.InvalidLoginTest" name="invalidCredentials" time="6.791"/>
  <system-out/>
  <testcase classname="TestCases.InvalidLoginTest" name="blankUsername" time="5.433"/>
  <system-out/>
  <testcase classname="TestCases.InvalidLoginTest" name="blankPassword" time="5.589"/>
  <system-out/>
</testsuite> <!-- TestCases.InvalidLoginTest -->
