<?xml version="1.0" encoding="UTF-8"?>
<!-- Generated by org.testng.reporters.JUnitReportReporter -->
<testsuite hostname="LAPTOP-LP00NI2V" failures="0" tests="3" name="TestCases.InvalidLoginTest" time="12.994" errors="0" timestamp="2022-07-20T22:24:42 IST" skipped="0">
  <testcase classname="TestCases.InvalidLoginTest" name="invalidCredentials" time="4.372"/>
  <system-out/>
  <testcase classname="TestCases.InvalidLoginTest" name="blankUsername" time="4.315"/>
  <system-out/>
  <testcase classname="TestCases.InvalidLoginTest" name="blankPassword" time="4.307"/>
  <system-out/>
</testsuite> <!-- TestCases.InvalidLoginTest -->
