<?xml version="1.0" encoding="UTF-8"?>
<!-- Generated by org.testng.reporters.JUnitReportReporter -->
<testsuite skipped="0" hostname="LAPTOP-LP00NI2V" name="TestCases.InvalidLoginTest" tests="3" failures="0" timestamp="2022-07-23T21:32:56 IST" time="17.283" errors="0">
  <testcase name="invalidCredentials" time="5.620" classname="TestCases.InvalidLoginTest"/>
  <system-out/>
  <testcase name="blankUsername" time="5.748" classname="TestCases.InvalidLoginTest"/>
  <system-out/>
  <testcase name="blankPassword" time="5.915" classname="TestCases.InvalidLoginTest"/>
  <system-out/>
</testsuite> <!-- TestCases.InvalidLoginTest -->
